DOpElib Copyright (C) 2012 - 2018 DOpElib authors
This program comes with ABSOLUTELY NO WARRANTY.
For License details read LICENSE.TXT distributed with this software!

This is DOpElib Version: 4.0.0 pre
	Status as of: 27/08/2018
Using dealii Version: 9.3

	**************************************************
	*        Starting Reduced Newton Algorithm       *
	*   Solving : InstatOptProblemContainer	*
	*  CDoFs : 	0
	*  SDoFs : 	Number of Timepoints: 76
		Total   DoFs: 3186224
		Minimal DoFs: 41924
		Maximal DoFs: 41924
	**************************************************

LOG: Allowing IterationCounter `OptNewton_InstatOptProblemContainer' for filenames!
	Writing [Results/Mesh0/Control_InstatOptProblemContainer.00000.txt]
	Computing State Solution:
LOG: Allowing IterationCounter `Time' for filenames!
	Computing Initial Values:
			 Newton step: 0	 Residual (abs.):   2.4414e-04
			 Newton step: 0	 Residual (rel.):     1.0000e+00
			 Newton step: 1	 Residual (rel.): < 1.0000e-11	 LineSearch {0} 
	Writing [Results/Mesh0/State_InstatOptProblemContainer.00000.00000.vtk]
		         Precalculating functional values 
		 Timestep: 1 (0 -> 0.0001) using backward Euler
